101071 pts/1    00:00:01 autokey-gtk
101718 pts/1    00:00:00 gnome-do
101716 pts/1    00:00:00 tilda
101071 pts/1    00:00:01 autokey-gtk
101716 pts/1    00:00:00 tilda
101718 pts/1    00:00:00 gnome-do
101071 pts/1    00:00:01 autokey-gtk
101071 pts/1    00:00:01 autokey-gtk
101716 pts/1    00:00:00 tilda
101718 pts/1    00:00:00 gnome-do
101718 ?        00:00:00 gnome-do
101716 ?        00:00:00 tilda
101071 ?        00:00:01 autokey-gtk
101071 ?        00:00:01 autokey-gtk
101716 ?        00:00:00 tilda
101718 ?        00:00:00 gnome-do
101071 ?        00:00:01 autokey-gtk
101718 ?        00:00:00 gnome-do
101716 ?        00:00:00 tilda
101718 ?        00:00:00 gnome-do
101071 ?        00:00:01 autokey-gtk
101716 ?        00:00:00 tilda
101071 ?        00:00:01 autokey-gtk
101718 ?        00:00:00 gnome-do
101716 ?        00:00:00 tilda
/usr/local/google/home/tgeng/bin/remote_guard.sh: line 2: 101718 Terminated              nohup "$1" > /dev/null 2>&1
gnome-do: no process found
tilda: no process found
autokey-gtk: no process found
gnome-do: no process found
tilda: no process found
autokey-gtk: no process found
102623 ?        00:00:00 tilda
102622 ?        00:00:00 gnome-do
102624 ?        00:00:00 autokey-gtk
102622 ?        00:00:00 gnome-do
102624 ?        00:00:00 autokey-gtk
102623 ?        00:00:00 tilda
102622 ?        00:00:00 gnome-do
102624 ?        00:00:00 autokey-gtk
102623 ?        00:00:00 tilda
102622 ?        00:00:00 gnome-do
102624 ?        00:00:00 autokey-gtk
102623 ?        00:00:00 tilda
102624 ?        00:00:00 autokey-gtk
102623 ?        00:00:00 tilda
102622 ?        00:00:00 gnome-do
102624 ?        00:00:00 autokey-gtk
102623 ?        00:00:00 tilda
102622 ?        00:00:00 gnome-do
102622 ?        00:00:00 gnome-do
102623 ?        00:00:00 tilda
102624 ?        00:00:00 autokey-gtk
102622 ?        00:00:01 gnome-do
102623 ?        00:00:00 tilda
102624 ?        00:00:00 autokey-gtk
102622 ?        00:00:01 gnome-do
102623 ?        00:00:00 tilda
102624 ?        00:00:00 autokey-gtk
102624 ?        00:00:00 autokey-gtk
102622 ?        00:00:01 gnome-do
102623 ?        00:00:00 tilda
102622 ?        00:00:01 gnome-do
102623 ?        00:00:00 tilda
102624 ?        00:00:00 autokey-gtk
102623 ?        00:00:00 tilda
102622 ?        00:00:01 gnome-do
102624 ?        00:00:00 autokey-gtk
102623 ?        00:00:00 tilda
102624 ?        00:00:00 autokey-gtk
102622 ?        00:00:01 gnome-do
102624 ?        00:00:00 autokey-gtk
102623 ?        00:00:00 tilda
102622 ?        00:00:01 gnome-do
102623 ?        00:00:00 tilda
102622 ?        00:00:01 gnome-do
102624 ?        00:00:00 autokey-gtk
xprop: error: Invalid window id format: 0x0.
xprop: error: Invalid window id format: 0x0.
102624 ?        00:00:01 autokey-gtk
102623 ?        00:00:00 tilda
102622 ?        00:00:01 gnome-do
102624 ?        00:00:01 autokey-gtk
102622 ?        00:00:01 gnome-do
102623 ?        00:00:00 tilda
102622 ?        00:00:01 gnome-do
102623 ?        00:00:00 tilda
102624 ?        00:00:01 autokey-gtk
102622 ?        00:00:01 gnome-do
102623 ?        00:00:00 tilda
102624 ?        00:00:01 autokey-gtk
102622 ?        00:00:01 gnome-do
102624 ?        00:00:01 autokey-gtk
102623 ?        00:00:00 tilda
102623 ?        00:00:00 tilda
102622 ?        00:00:01 gnome-do
102624 ?        00:00:01 autokey-gtk
102622 ?        00:00:01 gnome-do
102623 ?        00:00:00 tilda
102624 ?        00:00:01 autokey-gtk
xprop: error: Invalid window id format: 0x0.
102623 ?        00:00:00 tilda
102624 ?        00:00:01 autokey-gtk
102622 ?        00:00:01 gnome-do
xprop: error: Invalid window id format: 0x0.
102623 ?        00:00:00 tilda
102622 ?        00:00:01 gnome-do
102624 ?        00:00:01 autokey-gtk
102624 ?        00:00:01 autokey-gtk
102622 ?        00:00:01 gnome-do
102623 ?        00:00:00 tilda
102622 ?        00:00:01 gnome-do
102623 ?        00:00:00 tilda
102624 ?        00:00:01 autokey-gtk
xprop: error: Invalid window id format: 0x0.
xprop: error: Invalid window id format: 0x0.
102622 ?        00:00:01 gnome-do
102624 ?        00:00:01 autokey-gtk
102623 ?        00:00:00 tilda
102623 ?        00:00:00 tilda
102622 ?        00:00:01 gnome-do
102624 ?        00:00:01 autokey-gtk
102622 ?        00:00:01 gnome-do
102623 ?        00:00:00 tilda
102624 ?        00:00:01 autokey-gtk
102622 ?        00:00:01 gnome-do
102624 ?        00:00:01 autokey-gtk
102623 ?        00:00:00 tilda
/usr/local/google/home/tgeng/bin/remote_guard.sh: line 2: 102622 Terminated              nohup "$1" > /dev/null 2>&1
/usr/local/google/home/tgeng/bin/remote_guard.sh: line 2: 102624 Terminated              nohup "$1" > /dev/null 2>&1
106464 ?        00:00:00 gnome-do
106463 ?        00:00:00 autokey-gtk
106462 ?        00:00:00 tilda
106463 ?        00:00:00 autokey-gtk
106464 ?        00:00:00 gnome-do
106462 ?        00:00:00 tilda
106462 ?        00:00:00 tilda
106464 ?        00:00:00 gnome-do
106463 ?        00:00:00 autokey-gtk
106464 ?        00:00:00 gnome-do
106462 ?        00:00:00 tilda
106463 ?        00:00:00 autokey-gtk
106462 ?        00:00:00 tilda
106464 ?        00:00:00 gnome-do
106463 ?        00:00:00 autokey-gtk
106464 ?        00:00:00 gnome-do
106463 ?        00:00:00 autokey-gtk
106462 ?        00:00:00 tilda
106463 ?        00:00:00 autokey-gtk
106462 ?        00:00:00 tilda
106464 ?        00:00:00 gnome-do
106462 ?        00:00:00 tilda
106464 ?        00:00:00 gnome-do
106463 ?        00:00:00 autokey-gtk
106463 ?        00:00:00 autokey-gtk
106464 ?        00:00:00 gnome-do
106462 ?        00:00:00 tilda
106463 ?        00:00:00 autokey-gtk
106462 ?        00:00:00 tilda
106464 ?        00:00:00 gnome-do
106463 ?        00:00:00 autokey-gtk
106464 ?        00:00:00 gnome-do
106462 ?        00:00:00 tilda
106462 ?        00:00:00 tilda
106464 ?        00:00:00 gnome-do
106463 ?        00:00:00 autokey-gtk
/usr/local/google/home/tgeng/bin/remote_guard.sh: line 2: 106464 Terminated              nohup "$1" > /dev/null 2>&1
/usr/local/google/home/tgeng/bin/remote_guard.sh: line 2: 106463 Terminated              nohup "$1" > /dev/null 2>&1
106979 ?        00:00:00 gnome-do
106980 ?        00:00:00 tilda
106981 ?        00:00:00 autokey-gtk
xprop: error: Invalid window id format: 0x0.
106980 ?        00:00:02 tilda
106981 ?        00:00:02 autokey-gtk
106979 ?        00:00:00 gnome-do
106981 ?        00:00:02 autokey-gtk
106980 ?        00:00:02 tilda
106979 ?        00:00:00 gnome-do
106981 ?        00:00:02 autokey-gtk
106979 ?        00:00:00 gnome-do
106980 ?        00:00:02 tilda
106980 ?        00:00:02 tilda
106981 ?        00:00:02 autokey-gtk
106979 ?        00:00:00 gnome-do
106980 ?        00:00:02 tilda
106979 ?        00:00:00 gnome-do
106981 ?        00:00:02 autokey-gtk
106979 ?        00:00:00 gnome-do
106981 ?        00:00:02 autokey-gtk
106980 ?        00:00:02 tilda
106981 ?        00:00:02 autokey-gtk
106980 ?        00:00:02 tilda
106979 ?        00:00:00 gnome-do
106980 ?        00:00:02 tilda
106981 ?        00:00:02 autokey-gtk
106979 ?        00:00:00 gnome-do
/usr/local/google/home/tgeng/bin/remote_guard.sh: line 2: 106979 Terminated              nohup "$1" > /dev/null 2>&1
/usr/local/google/home/tgeng/bin/remote_guard.sh: line 2: 106981 Terminated              nohup "$1" > /dev/null 2>&1
/usr/local/google/home/tgeng/bin/remote_guard.sh: line 2: 109504 Terminated              nohup "$1" > /dev/null 2>&1
/usr/local/google/home/tgeng/bin/remote_guard.sh: line 2: 109506 Terminated              nohup "$1" > /dev/null 2>&1
xprop: error: Invalid window id format: 0x0.
gnome-do: no process found
/usr/local/google/home/tgeng/bin/remote_guard.sh: line 2: 109613 Terminated              nohup "$1" > /dev/null 2>&1
/usr/local/google/home/tgeng/bin/remote_guard.sh: line 2: 109612 Terminated              nohup "$1" > /dev/null 2>&1
gnome-do: no process found
tilda: no process found
autokey-gtk: no process found
gnome-do: no process found
tilda: no process found
autokey-gtk: no process found
gnome-do: no process found
tilda: no process found
autokey-gtk: no process found
109614 ?        00:00:00 gnome-do
109711 ?        00:00:00 tilda
109614 ?        00:00:00 gnome-do
109712 ?        00:00:00 autokey-gtk
109614 ?        00:00:00 gnome-do
109711 ?        00:00:00 tilda
109712 ?        00:00:00 autokey-gtk
109711 ?        00:00:00 tilda
109614 ?        00:00:00 gnome-do
109712 ?        00:00:00 autokey-gtk
109614 ?        00:00:00 gnome-do
109712 ?        00:00:00 autokey-gtk
109711 ?        00:00:00 tilda
109614 ?        00:00:00 gnome-do
109712 ?        00:00:01 autokey-gtk
109711 ?        00:00:01 tilda
109712 ?        00:00:01 autokey-gtk
109614 ?        00:00:00 gnome-do
109711 ?        00:00:01 tilda
109711 ?        00:00:01 tilda
109614 ?        00:00:00 gnome-do
109712 ?        00:00:01 autokey-gtk
109711 ?        00:00:01 tilda
109614 ?        00:00:00 gnome-do
109712 ?        00:00:01 autokey-gtk
109614 ?        00:00:00 gnome-do
109711 ?        00:00:01 tilda
109712 ?        00:00:01 autokey-gtk
109712 ?        00:00:01 autokey-gtk
109614 ?        00:00:00 gnome-do
109711 ?        00:00:01 tilda
109711 ?        00:00:01 tilda
109614 ?        00:00:00 gnome-do
109712 ?        00:00:01 autokey-gtk
109712 ?        00:00:01 autokey-gtk
109614 ?        00:00:00 gnome-do
109711 ?        00:00:01 tilda
109712 ?        00:00:01 autokey-gtk
109711 ?        00:00:01 tilda
109614 ?        00:00:00 gnome-do
109614 ?        00:00:00 gnome-do
109712 ?        00:00:01 autokey-gtk
109711 ?        00:00:01 tilda
109711 ?        00:00:01 tilda
109712 ?        00:00:01 autokey-gtk
109614 ?        00:00:00 gnome-do
109711 ?        00:00:01 tilda
109614 ?        00:00:00 gnome-do
109712 ?        00:00:01 autokey-gtk
109614 ?        00:00:00 gnome-do
109711 ?        00:00:01 tilda
109712 ?        00:00:01 autokey-gtk
109711 ?        00:00:01 tilda
109712 ?        00:00:01 autokey-gtk
109614 ?        00:00:00 gnome-do
109711 ?        00:00:01 tilda
109712 ?        00:00:01 autokey-gtk
109614 ?        00:00:00 gnome-do
109614 ?        00:00:00 gnome-do
109712 ?        00:00:01 autokey-gtk
109711 ?        00:00:01 tilda
109711 ?        00:00:01 tilda
109712 ?        00:00:01 autokey-gtk
109614 ?        00:00:00 gnome-do
109614 ?        00:00:00 gnome-do
109711 ?        00:00:01 tilda
109712 ?        00:00:01 autokey-gtk
109712 ?        00:00:02 autokey-gtk
109614 ?        00:00:00 gnome-do
109711 ?        00:00:02 tilda
109711 ?        00:00:02 tilda
109614 ?        00:00:00 gnome-do
109712 ?        00:00:02 autokey-gtk
109711 ?        00:00:02 tilda
109712 ?        00:00:02 autokey-gtk
109614 ?        00:00:00 gnome-do
109712 ?        00:00:02 autokey-gtk
109614 ?        00:00:00 gnome-do
109711 ?        00:00:02 tilda
109614 ?        00:00:00 gnome-do
109711 ?        00:00:02 tilda
109712 ?        00:00:02 autokey-gtk
109712 ?        00:00:02 autokey-gtk
109614 ?        00:00:00 gnome-do
109711 ?        00:00:02 tilda
109711 ?        00:00:02 tilda
109712 ?        00:00:02 autokey-gtk
109614 ?        00:00:00 gnome-do
109614 ?        00:00:00 gnome-do
109712 ?        00:00:02 autokey-gtk
109711 ?        00:00:02 tilda
109614 ?        00:00:00 gnome-do
109712 ?        00:00:02 autokey-gtk
109711 ?        00:00:02 tilda
109712 ?        00:00:02 autokey-gtk
109614 ?        00:00:00 gnome-do
109711 ?        00:00:02 tilda
109711 ?        00:00:02 tilda
109712 ?        00:00:02 autokey-gtk
109614 ?        00:00:00 gnome-do
/usr/local/google/home/tgeng/bin/remote_guard.sh: line 2: 109614 Terminated              nohup "$1" > /dev/null 2>&1
/usr/local/google/home/tgeng/bin/remote_guard.sh: line 2: 109712 Terminated              nohup "$1" > /dev/null 2>&1
115606 ?        00:00:00 tilda
115605 ?        00:00:00 autokey-gtk
115623 ?        00:00:00 gnome-do
115606 ?        00:00:00 tilda
115605 ?        00:00:00 autokey-gtk
115623 ?        00:00:00 gnome-do
115606 ?        00:00:00 tilda
115605 ?        00:00:00 autokey-gtk
115605 ?        00:00:00 autokey-gtk
115606 ?        00:00:00 tilda
115623 ?        00:00:00 gnome-do
115605 ?        00:00:00 autokey-gtk
115606 ?        00:00:00 tilda
115623 ?        00:00:00 gnome-do
115605 ?        00:00:00 autokey-gtk
115623 ?        00:00:00 gnome-do
115606 ?        00:00:00 tilda
115605 ?        00:00:00 autokey-gtk
115623 ?        00:00:00 gnome-do
115606 ?        00:00:00 tilda
115623 ?        00:00:00 gnome-do
115605 ?        00:00:00 autokey-gtk
115606 ?        00:00:00 tilda
115623 ?        00:00:00 gnome-do
115606 ?        00:00:00 tilda
115605 ?        00:00:00 autokey-gtk
115623 ?        00:00:00 gnome-do
115606 ?        00:00:00 tilda
115605 ?        00:00:00 autokey-gtk
115606 ?        00:00:00 tilda
115605 ?        00:00:00 autokey-gtk
115623 ?        00:00:00 gnome-do
115605 ?        00:00:00 autokey-gtk
115606 ?        00:00:00 tilda
115623 ?        00:00:00 gnome-do
115623 ?        00:00:00 gnome-do
115605 ?        00:00:00 autokey-gtk
115606 ?        00:00:00 tilda
115623 ?        00:00:00 gnome-do
115605 ?        00:00:00 autokey-gtk
115606 ?        00:00:00 tilda
115606 ?        00:00:00 tilda
115623 ?        00:00:00 gnome-do
115605 ?        00:00:00 autokey-gtk
115623 ?        00:00:00 gnome-do
115606 ?        00:00:00 tilda
115605 ?        00:00:00 autokey-gtk
115606 ?        00:00:00 tilda
115605 ?        00:00:00 autokey-gtk
115623 ?        00:00:00 gnome-do
115623 ?        00:00:00 gnome-do
115605 ?        00:00:00 autokey-gtk
115606 ?        00:00:00 tilda
115606 ?        00:00:00 tilda
115623 ?        00:00:00 gnome-do
115605 ?        00:00:00 autokey-gtk
115605 ?        00:00:00 autokey-gtk
115623 ?        00:00:00 gnome-do
115606 ?        00:00:00 tilda
115606 ?        00:00:00 tilda
115623 ?        00:00:00 gnome-do
115605 ?        00:00:00 autokey-gtk
115623 ?        00:00:00 gnome-do
115606 ?        00:00:00 tilda
115605 ?        00:00:00 autokey-gtk
115605 ?        00:00:00 autokey-gtk
115623 ?        00:00:00 gnome-do
115606 ?        00:00:00 tilda
115623 ?        00:00:00 gnome-do
115606 ?        00:00:00 tilda
115605 ?        00:00:00 autokey-gtk
115623 ?        00:00:00 gnome-do
115606 ?        00:00:00 tilda
115605 ?        00:00:01 autokey-gtk
115606 ?        00:00:00 tilda
115623 ?        00:00:00 gnome-do
115605 ?        00:00:01 autokey-gtk
115623 ?        00:00:00 gnome-do
115605 ?        00:00:01 autokey-gtk
115606 ?        00:00:00 tilda
115623 ?        00:00:00 gnome-do
115606 ?        00:00:00 tilda
115605 ?        00:00:01 autokey-gtk
115623 ?        00:00:00 gnome-do
115605 ?        00:00:01 autokey-gtk
115606 ?        00:00:00 tilda
115605 ?        00:00:01 autokey-gtk
115623 ?        00:00:00 gnome-do
115606 ?        00:00:00 tilda
115623 ?        00:00:00 gnome-do
115605 ?        00:00:01 autokey-gtk
115623 ?        00:00:00 gnome-do
115605 ?        00:00:01 autokey-gtk
118721 ?        00:00:00 tilda
118721 ?        00:00:00 tilda
115623 ?        00:00:00 gnome-do
115605 ?        00:00:01 autokey-gtk
115623 ?        00:00:00 gnome-do
118721 ?        00:00:00 tilda
115605 ?        00:00:01 autokey-gtk
115623 ?        00:00:00 gnome-do
118721 ?        00:00:00 tilda
115605 ?        00:00:01 autokey-gtk
115605 ?        00:00:01 autokey-gtk
118721 ?        00:00:00 tilda
115623 ?        00:00:00 gnome-do
115623 ?        00:00:01 gnome-do
115605 ?        00:00:01 autokey-gtk
118721 ?        00:00:00 tilda
115605 ?        00:00:01 autokey-gtk
115623 ?        00:00:01 gnome-do
118721 ?        00:00:00 tilda
115605 ?        00:00:01 autokey-gtk
118721 ?        00:00:00 tilda
115623 ?        00:00:01 gnome-do
XIO:  fatal IO error 11 (Resource temporarily unavailable) on X server ":0"
      after 164 requests (164 known processed) with 0 events remaining.
